<?xml version="1.0" encoding="UTF-8"?>
<!-- Generated by org.testng.reporters.JUnitReportReporter -->
<testsuite hostname="Neenus-Air.alphionsee.in" failures="0" tests="1" name="tests.Logout" time="25.467" errors="0" timestamp="2024-08-14T14:40:08 IST" skipped="0">
  <testcase classname="tests.Logout" name="loginTest" time="25.467"/>
</testsuite> <!-- tests.Logout -->
