<?xml version="1.0" encoding="UTF-8"?>
<!-- Generated by org.testng.reporters.JUnitReportReporter -->
<testsuite hostname="Neenus-Air.alphionsee.in" failures="0" tests="1" name="tests.CancelAccountDeletion" time="11.340" errors="0" timestamp="2024-08-12T12:05:13 IST" skipped="0">
  <testcase classname="tests.CancelAccountDeletion" name="loginAndCancelAccountDeletionTest" time="11.340"/>
</testsuite> <!-- tests.CancelAccountDeletion -->
