<?xml version="1.0" encoding="UTF-8"?>
<!-- Generated by org.testng.reporters.JUnitReportReporter -->
<testsuite hostname="Neenus-Air.alphionsee.in" failures="0" tests="1" name="tests.BaseClass" time="25.622" errors="0" timestamp="2024-08-06T15:34:02 IST" skipped="0">
  <testcase classname="tests.BaseClass" name="setUp" time="25.622"/>
</testsuite> <!-- tests.BaseClass -->
