<?xml version="1.0" encoding="UTF-8"?>
<!-- Generated by org.testng.reporters.JUnitReportReporter -->
<testsuite hostname="Neenus-Air.alphionsee.in" failures="0" tests="1" name="tests.Cancel_Logout" time="11.891" errors="0" timestamp="2024-08-06T16:42:04 IST" skipped="0">
  <testcase classname="tests.Cancel_Logout" name="loginTest" time="11.891"/>
</testsuite> <!-- tests.Cancel_Logout -->
