<?xml version="1.0" encoding="UTF-8"?>
<!-- Generated by org.testng.reporters.JUnitReportReporter -->
<testsuite hostname="Neenus-Air.alphionsee.in" failures="0" tests="1" name="tests.RedirectionTest" time="27.247" errors="0" timestamp="2024-08-09T09:46:39 IST" skipped="0">
  <testcase classname="tests.RedirectionTest" name="redirectionTest" time="27.247"/>
</testsuite> <!-- tests.RedirectionTest -->
