<?xml version="1.0" encoding="UTF-8"?>
<!-- Generated by org.testng.reporters.JUnitReportReporter -->
<testsuite hostname="Neenus-Air.alphionsee.in" failures="0" tests="1" name="tests.Login" time="22.237" errors="0" timestamp="2024-08-19T15:28:53 IST" skipped="0">
  <testcase classname="tests.Login" name="loginTest" time="22.237"/>
</testsuite> <!-- tests.Login -->
