<?xml version="1.0" encoding="UTF-8"?>
<!-- Generated by org.testng.reporters.JUnitReportReporter -->
<testsuite hostname="Neenus-Air.alphionsee.in" failures="0" tests="1" name="tests.invalidLogin" time="75.918" errors="0" timestamp="2024-08-20T15:21:43 IST" skipped="0">
  <testcase classname="tests.invalidLogin" name="loginTest" time="75.918"/>
</testsuite> <!-- tests.invalidLogin -->
