<?xml version="1.0" encoding="UTF-8"?>
<!-- Generated by org.testng.reporters.JUnitReportReporter -->
<testsuite hostname="Neenus-Air.alphionsee.in" failures="0" tests="1" name="tests.Delete_Collection" time="15.212" errors="0" timestamp="2024-08-12T10:54:22 IST" skipped="0">
  <testcase classname="tests.Delete_Collection" name="loginAndDeleteCollectionTest" time="15.212"/>
</testsuite> <!-- tests.Delete_Collection -->
