<?xml version="1.0" encoding="UTF-8"?>
<!-- Generated by org.testng.reporters.JUnitReportReporter -->
<testsuite hostname="Neenus-Air.alphionsee.in" failures="0" tests="1" name="tests.LINEapp" time="10.054" errors="0" timestamp="2024-08-12T12:22:49 IST" skipped="0">
  <testcase classname="tests.LINEapp" name="redirectToLineTest" time="10.054"/>
</testsuite> <!-- tests.LINEapp -->
