<?xml version="1.0" encoding="UTF-8"?>
<!-- Generated by org.testng.reporters.JUnitReportReporter -->
<testsuite hostname="Neenus-Air.alphionsee.in" failures="0" tests="1" name="tests.AccountDeletion" time="11.490" errors="0" timestamp="2024-08-12T11:52:21 IST" skipped="0">
  <testcase classname="tests.AccountDeletion" name="loginAndDeleteAccountTest" time="11.490"/>
</testsuite> <!-- tests.AccountDeletion -->
