<?xml version="1.0" encoding="UTF-8"?>
<!-- Generated by org.testng.reporters.JUnitReportReporter -->
<testsuite hostname="Neenus-Air.alphionsee.in" failures="0" tests="1" name="tests.Registration" time="12573.378" errors="0" timestamp="2024-08-13T12:56:39 IST" skipped="0">
  <testcase classname="tests.Registration" name="setUp" time="12573.378"/>
</testsuite> <!-- tests.Registration -->
