<?xml version="1.0" encoding="UTF-8"?>
<!-- Generated by org.testng.reporters.JUnitReportReporter -->
<testsuite hostname="Neenus-Air.alphionsee.in" failures="0" tests="1" name="tests.Lottery" time="55.932" errors="0" timestamp="2024-08-12T12:15:39 IST" skipped="0">
  <testcase classname="tests.Lottery" name="participateInGiftTest" time="55.932"/>
</testsuite> <!-- tests.Lottery -->
