<?xml version="1.0" encoding="UTF-8"?>
<!-- Generated by org.testng.reporters.JUnitReportReporter -->
<testsuite hostname="Neenus-Air.alphionsee.in" failures="0" tests="1" name="tests.Collection" time="13.978" errors="0" timestamp="2024-08-12T09:33:34 IST" skipped="0">
  <testcase classname="tests.Collection" name="loginAndCreateCollectionTest" time="13.978"/>
</testsuite> <!-- tests.Collection -->
