<?xml version="1.0" encoding="UTF-8"?>
<!-- Generated by org.testng.reporters.JUnitReportReporter -->
<testsuite hostname="Neenus-Air.alphionsee.in" failures="0" tests="1" name="ServiceAdmin.Login" time="22.647" errors="0" timestamp="2023-11-22T17:33:44 IST" skipped="0">
  <testcase classname="ServiceAdmin.Login" name="verifyLoginwithvalidUsernameInvalidPassword" time="22.647"/>
</testsuite> <!-- ServiceAdmin.Login -->
