<?xml version="1.0" encoding="UTF-8"?>
<!-- Generated by org.testng.reporters.JUnitReportReporter -->
<testsuite hostname="Neenus-Air.alphionsee.in" failures="0" tests="1" name="ServiceAdmin.Logout" time="28.744" errors="0" timestamp="2023-11-21T17:54:48 IST" skipped="0">
  <testcase classname="ServiceAdmin.Logout" name="verifyLoginWithValidInputsandLogout" time="28.744"/>
</testsuite> <!-- ServiceAdmin.Logout -->
